<?xml version="1.0" encoding="UTF-8" ?>
<testsuite tests="15" failures="0" name="com.cardfraud.AppTest" time="0.031" errors="0" skipped="0">
  <properties>
[...]
</properties>
  <testcase classname="com.cardfraud.AppTest" name="testDateTimeFormat" time="0.006"/>
  <testcase classname="com.cardfraud.AppTest" name="testCompareOnDay" time="0"/>
  <testcase classname="com.cardfraud.AppTest" name="testDateFormat" time="0"/>
  <testcase classname="com.cardfraud.AppTest" name="testParseFileWithMalformattedAmount" time="0.011"/>
  <testcase classname="com.cardfraud.AppTest" name="testAddSimpleTransactionWithoutFraudOnThatDay" time="0.004"/>
  <testcase classname="com.cardfraud.AppTest" name="testAddTwoTransactionFromSameCardWithFraud" time="0.001"/>
  <testcase classname="com.cardfraud.AppTest" name="testAddSimpleTransactionWithoutFraudOnGivenDay" time="0.001"/>
  <testcase classname="com.cardfraud.AppTest" name="testAddTwoTransactionWithFraudDisplayName" time="0"/>
  <testcase classname="com.cardfraud.AppTest" name="testAddTwoTransactionWithFraud" time="0.001"/>
  <testcase classname="com.cardfraud.AppTest" name="testParseFileWithTwoTransaction" time="0.001"/>
  <testcase classname="com.cardfraud.AppTest" name="testParseSingleLine" time="0.001"/>
  <testcase classname="com.cardfraud.AppTest" name="testGlobalDetection" time="0.003"/>
  <testcase classname="com.cardfraud.AppTest" name="testAddSimpleTransactionWithFraud" time="0"/>
  <testcase classname="com.cardfraud.AppTest" name="testParseFileWithWrongFilePath" time="0.001"/>
  <testcase classname="com.cardfraud.AppTest" name="testParseFileWithDateMalformatted" time="0.001"/>
</testsuite>